 
****************************************
Report : clocks
Design : SYS_TOP_dft
Version: K-2015.06
Date   : Wed Oct 23 23:45:54 2024
****************************************

Attributes:
    d - dont_touch_network
    f - fix_hold
    p - propagated_clock
    G - generated_clock
    g - lib_generated_clock

Clock          Period   Waveform            Attrs     Sources
--------------------------------------------------------------------------------
ALU_CLK         20.00   {0 10}              G d       {U13_CLK_GATE/GATED_CLK}
DFTCLK          20.00   {0 10}              d         {scan_clk}
REF_CLK         20.00   {0 10}              d         {REF_CLK}
RX_CLK         271.27   {0 135.634}         G d       {U8_CLK_DIV_RX/o_div_clk}
TX_CLK        8680.56   {0 4340.28}         G d       {U6_CLK_DIV_TX/o_div_clk}
UART_CLK       271.27   {0 135.634}         d         {UART_CLK}
--------------------------------------------------------------------------------

Generated     Master         Generated      Master         Waveform
Clock         Source         Source         Clock          Modification
--------------------------------------------------------------------------------
ALU_CLK       REF_CLK        {U13_CLK_GATE/GATED_CLK}
                                            REF_CLK        divide_by(1)
RX_CLK        UART_CLK       {U8_CLK_DIV_RX/o_div_clk}
                                            UART_CLK       divide_by(1)
TX_CLK        UART_CLK       {U6_CLK_DIV_TX/o_div_clk}
                                            UART_CLK       divide_by(32)
--------------------------------------------------------------------------------
1
